<?xml version="1.0" encoding="UTF-8"?>
<!-- Generated by org.testng.reporters.JUnitXMLReporter -->
<testsuite hostname="LAPTOP-5G2HF13C" ignored="4" name="Test1" tests="6" failures="0" timestamp="2021-12-16T21:48:02 IST" time="0.073" errors="0">
  <testcase name="TC1" time="0.009" classname="TestNG2.Example5_Group2"/>
  <testcase name="TC2" time="0.001" classname="TestNG2.Example5_Group2"/>
  <testcase name="TC4" time="0.001" classname="TestNG2.Example5_Group2"/>
  <testcase name="TC1" time="0.001" classname="TestNG2.Example4_Group1"/>
  <testcase name="TC2" time="0.002" classname="TestNG2.Example4_Group1"/>
  <testcase name="TC4" time="0.002" classname="TestNG2.Example4_Group1"/>
  <testcase name="TC5" time="0.0" classname="TestNG2.Example5_Group2">
    <ignored/>
  </testcase> <!-- TC5 -->
  <testcase name="TC3" time="0.0" classname="TestNG2.Example4_Group1">
    <ignored/>
  </testcase> <!-- TC3 -->
  <testcase name="TC3" time="0.0" classname="TestNG2.Example5_Group2">
    <ignored/>
  </testcase> <!-- TC3 -->
  <testcase name="TC5" time="0.0" classname="TestNG2.Example4_Group1">
    <ignored/>
  </testcase> <!-- TC5 -->
</testsuite> <!-- Test1 -->
