<?xml version="1.0" encoding="UTF-8"?>
<!-- Generated by org.testng.reporters.JUnitXMLReporter -->
<testsuite hostname="LAPTOP-5G2HF13C" ignored="0" name="Test" tests="4" failures="0" timestamp="2021-12-14T11:27:11 IST" time="0.083" errors="0">
  <testcase name="TC1" time="0.01" classname="TestNG.Example1"/>
  <testcase name="TC2" time="0.004" classname="TestNG.Example1"/>
  <testcase name="TC3" time="0.003" classname="TestNG.Example10"/>
  <testcase name="TC4" time="0.002" classname="TestNG.Example10"/>
</testsuite> <!-- Test -->
